\BOOKMARK [0][-]{chapter.1}{\376\377\000C\000l\000a\000s\000s\000\040\000I\000n\000d\000e\000x}{}
\BOOKMARK [1][-]{section.1.1}{\376\377\000C\000l\000a\000s\000s\000\040\000L\000i\000s\000t}{chapter.1}
\BOOKMARK [0][-]{chapter.2}{\376\377\000F\000i\000l\000e\000\040\000I\000n\000d\000e\000x}{}
\BOOKMARK [1][-]{section.2.1}{\376\377\000F\000i\000l\000e\000\040\000L\000i\000s\000t}{chapter.2}
\BOOKMARK [0][-]{chapter.3}{\376\377\000C\000l\000a\000s\000s\000\040\000D\000o\000c\000u\000m\000e\000n\000t\000a\000t\000i\000o\000n}{}
\BOOKMARK [1][-]{section.3.1}{\376\377\000M\000I\000D\000I\000\137\000C\000l\000a\000s\000s\000\040\000C\000l\000a\000s\000s\000\040\000R\000e\000f\000e\000r\000e\000n\000c\000e}{chapter.3}
\BOOKMARK [2][-]{subsection.3.1.1}{\376\377\000D\000e\000t\000a\000i\000l\000e\000d\000\040\000D\000e\000s\000c\000r\000i\000p\000t\000i\000o\000n}{section.3.1}
\BOOKMARK [2][-]{subsection.3.1.2}{\376\377\000C\000o\000n\000s\000t\000r\000u\000c\000t\000o\000r\000\040\000\046\000\040\000D\000e\000s\000t\000r\000u\000c\000t\000o\000r\000\040\000D\000o\000c\000u\000m\000e\000n\000t\000a\000t\000i\000o\000n}{section.3.1}
\BOOKMARK [3][-]{subsubsection.3.1.2.1}{\376\377\000M\000I\000D\000I\000\137\000C\000l\000a\000s\000s}{subsection.3.1.2}
\BOOKMARK [3][-]{subsubsection.3.1.2.2}{\376\377\000M\000I\000D\000I\000\137\000C\000l\000a\000s\000s}{subsection.3.1.2}
\BOOKMARK [2][-]{subsection.3.1.3}{\376\377\000M\000e\000m\000b\000e\000r\000\040\000F\000u\000n\000c\000t\000i\000o\000n\000\040\000D\000o\000c\000u\000m\000e\000n\000t\000a\000t\000i\000o\000n}{section.3.1}
\BOOKMARK [3][-]{subsubsection.3.1.3.1}{\376\377\000b\000e\000g\000i\000n}{subsection.3.1.3}
\BOOKMARK [3][-]{subsubsection.3.1.3.2}{\376\377\000c\000h\000e\000c\000k}{subsection.3.1.3}
\BOOKMARK [3][-]{subsubsection.3.1.3.3}{\376\377\000g\000e\000t\000C\000h\000a\000n\000n\000e\000l}{subsection.3.1.3}
\BOOKMARK [3][-]{subsubsection.3.1.3.4}{\376\377\000g\000e\000t\000D\000a\000t\000a\0001}{subsection.3.1.3}
\BOOKMARK [3][-]{subsubsection.3.1.3.5}{\376\377\000g\000e\000t\000D\000a\000t\000a\0002}{subsection.3.1.3}
\BOOKMARK [3][-]{subsubsection.3.1.3.6}{\376\377\000g\000e\000t\000F\000i\000l\000t\000e\000r\000M\000o\000d\000e}{subsection.3.1.3}
\BOOKMARK [3][-]{subsubsection.3.1.3.7}{\376\377\000g\000e\000t\000I\000n\000p\000u\000t\000C\000h\000a\000n\000n\000e\000l}{subsection.3.1.3}
\BOOKMARK [3][-]{subsubsection.3.1.3.8}{\376\377\000g\000e\000t\000S\000y\000s\000E\000x\000A\000r\000r\000a\000y}{subsection.3.1.3}
\BOOKMARK [3][-]{subsubsection.3.1.3.9}{\376\377\000g\000e\000t\000T\000h\000r\000u\000S\000t\000a\000t\000e}{subsection.3.1.3}
\BOOKMARK [3][-]{subsubsection.3.1.3.10}{\376\377\000g\000e\000t\000T\000y\000p\000e}{subsection.3.1.3}
\BOOKMARK [3][-]{subsubsection.3.1.3.11}{\376\377\000r\000e\000a\000d}{subsection.3.1.3}
\BOOKMARK [3][-]{subsubsection.3.1.3.12}{\376\377\000r\000e\000a\000d}{subsection.3.1.3}
\BOOKMARK [3][-]{subsubsection.3.1.3.13}{\376\377\000s\000e\000n\000d\000A\000f\000t\000e\000r\000T\000o\000u\000c\000h}{subsection.3.1.3}
\BOOKMARK [3][-]{subsubsection.3.1.3.14}{\376\377\000s\000e\000n\000d\000C\000o\000n\000t\000r\000o\000l\000C\000h\000a\000n\000g\000e}{subsection.3.1.3}
\BOOKMARK [3][-]{subsubsection.3.1.3.15}{\376\377\000s\000e\000n\000d\000N\000o\000t\000e\000O\000f\000f}{subsection.3.1.3}
\BOOKMARK [3][-]{subsubsection.3.1.3.16}{\376\377\000s\000e\000n\000d\000N\000o\000t\000e\000O\000n}{subsection.3.1.3}
\BOOKMARK [3][-]{subsubsection.3.1.3.17}{\376\377\000s\000e\000n\000d\000P\000i\000t\000c\000h\000B\000e\000n\000d}{subsection.3.1.3}
\BOOKMARK [3][-]{subsubsection.3.1.3.18}{\376\377\000s\000e\000n\000d\000P\000i\000t\000c\000h\000B\000e\000n\000d}{subsection.3.1.3}
\BOOKMARK [3][-]{subsubsection.3.1.3.19}{\376\377\000s\000e\000n\000d\000P\000o\000l\000y\000P\000r\000e\000s\000s\000u\000r\000e}{subsection.3.1.3}
\BOOKMARK [3][-]{subsubsection.3.1.3.20}{\376\377\000s\000e\000n\000d\000P\000r\000o\000g\000r\000a\000m\000C\000h\000a\000n\000g\000e}{subsection.3.1.3}
\BOOKMARK [3][-]{subsubsection.3.1.3.21}{\376\377\000s\000e\000n\000d\000R\000e\000a\000l\000T\000i\000m\000e}{subsection.3.1.3}
\BOOKMARK [3][-]{subsubsection.3.1.3.22}{\376\377\000s\000e\000n\000d\000S\000o\000n\000g\000P\000o\000s\000i\000t\000i\000o\000n}{subsection.3.1.3}
\BOOKMARK [3][-]{subsubsection.3.1.3.23}{\376\377\000s\000e\000n\000d\000S\000o\000n\000g\000S\000e\000l\000e\000c\000t}{subsection.3.1.3}
\BOOKMARK [3][-]{subsubsection.3.1.3.24}{\376\377\000s\000e\000n\000d\000S\000y\000s\000E\000x}{subsection.3.1.3}
\BOOKMARK [3][-]{subsubsection.3.1.3.25}{\376\377\000s\000e\000n\000d\000T\000i\000m\000e\000C\000o\000d\000e\000Q\000u\000a\000r\000t\000e\000r\000F\000r\000a\000m\000e}{subsection.3.1.3}
\BOOKMARK [3][-]{subsubsection.3.1.3.26}{\376\377\000s\000e\000n\000d\000T\000i\000m\000e\000C\000o\000d\000e\000Q\000u\000a\000r\000t\000e\000r\000F\000r\000a\000m\000e}{subsection.3.1.3}
\BOOKMARK [3][-]{subsubsection.3.1.3.27}{\376\377\000s\000e\000n\000d\000T\000u\000n\000e\000R\000e\000q\000u\000e\000s\000t}{subsection.3.1.3}
\BOOKMARK [3][-]{subsubsection.3.1.3.28}{\376\377\000s\000e\000t\000I\000n\000p\000u\000t\000C\000h\000a\000n\000n\000e\000l}{subsection.3.1.3}
\BOOKMARK [3][-]{subsubsection.3.1.3.29}{\376\377\000s\000e\000t\000T\000h\000r\000u\000F\000i\000l\000t\000e\000r\000M\000o\000d\000e}{subsection.3.1.3}
\BOOKMARK [3][-]{subsubsection.3.1.3.30}{\376\377\000s\000e\000t\000T\000h\000r\000u\000F\000i\000l\000t\000e\000r\000M\000o\000d\000e}{subsection.3.1.3}
\BOOKMARK [3][-]{subsubsection.3.1.3.31}{\376\377\000t\000u\000r\000n\000T\000h\000r\000u\000O\000f\000f}{subsection.3.1.3}
\BOOKMARK [3][-]{subsubsection.3.1.3.32}{\376\377\000t\000u\000r\000n\000T\000h\000r\000u\000O\000n}{subsection.3.1.3}
\BOOKMARK [1][-]{section.3.2}{\376\377\000m\000i\000d\000i\000m\000s\000g\000\040\000S\000t\000r\000u\000c\000t\000\040\000R\000e\000f\000e\000r\000e\000n\000c\000e}{chapter.3}
\BOOKMARK [2][-]{subsection.3.2.1}{\376\377\000D\000e\000t\000a\000i\000l\000e\000d\000\040\000D\000e\000s\000c\000r\000i\000p\000t\000i\000o\000n}{section.3.2}
\BOOKMARK [2][-]{subsection.3.2.2}{\376\377\000M\000e\000m\000b\000e\000r\000\040\000D\000a\000t\000a\000\040\000D\000o\000c\000u\000m\000e\000n\000t\000a\000t\000i\000o\000n}{section.3.2}
\BOOKMARK [3][-]{subsubsection.3.2.2.1}{\376\377\000c\000h\000a\000n\000n\000e\000l}{subsection.3.2.2}
\BOOKMARK [3][-]{subsubsection.3.2.2.2}{\376\377\000d\000a\000t\000a\0001}{subsection.3.2.2}
\BOOKMARK [3][-]{subsubsection.3.2.2.3}{\376\377\000d\000a\000t\000a\0002}{subsection.3.2.2}
\BOOKMARK [3][-]{subsubsection.3.2.2.4}{\376\377\000s\000y\000s\000e\000x\000\137\000a\000r\000r\000a\000y}{subsection.3.2.2}
\BOOKMARK [3][-]{subsubsection.3.2.2.5}{\376\377\000t\000y\000p\000e}{subsection.3.2.2}
\BOOKMARK [3][-]{subsubsection.3.2.2.6}{\376\377\000v\000a\000l\000i\000d}{subsection.3.2.2}
\BOOKMARK [0][-]{chapter.4}{\376\377\000F\000i\000l\000e\000\040\000D\000o\000c\000u\000m\000e\000n\000t\000a\000t\000i\000o\000n}{}
\BOOKMARK [1][-]{section.4.1}{\376\377\000/\000U\000s\000e\000r\000s\000/\000f\000r\000a\000n\000k\000y\000/\000D\000o\000c\000u\000m\000e\000n\000t\000s\000/\000D\000r\000o\000p\000b\000o\000x\000/\000S\000V\000N\000/\000e\000m\000b\000e\000d\000d\000e\000d\000/\000t\000o\000o\000l\000b\000o\000x\000/\000l\000i\000b\000r\000a\000r\000i\000e\000s\000/\000M\000I\000D\000I\000L\000i\000b\000/\000t\000r\000u\000n\000k\000/\000A\000r\000d\000u\000i\000n\000o\000/\000C\000o\000m\000p\000a\000t\000i\000b\000i\000l\000i\000t\000y\000\137\000v\0002\000.\0005\000.\000h\000\040\000F\000i\000l\000e\000\040\000R\000e\000f\000e\000r\000e\000n\000c\000e}{chapter.4}
\BOOKMARK [2][-]{subsection.4.1.1}{\376\377\000D\000e\000t\000a\000i\000l\000e\000d\000\040\000D\000e\000s\000c\000r\000i\000p\000t\000i\000o\000n}{section.4.1}
\BOOKMARK [2][-]{subsection.4.1.2}{\376\377\000D\000e\000f\000i\000n\000e\000\040\000D\000o\000c\000u\000m\000e\000n\000t\000a\000t\000i\000o\000n}{section.4.1}
\BOOKMARK [3][-]{subsubsection.4.1.2.1}{\376\377\000A\000T\000C\000a\000n\000a\000l}{subsection.4.1.2}
\BOOKMARK [3][-]{subsubsection.4.1.2.2}{\376\377\000A\000T\000P\000o\000l\000y}{subsection.4.1.2}
\BOOKMARK [3][-]{subsubsection.4.1.2.3}{\376\377\000C\000C}{subsection.4.1.2}
\BOOKMARK [3][-]{subsubsection.4.1.2.4}{\376\377\000M\000I\000D\000I\000\137\000F\000I\000L\000T\000E\000R\000\137\000A\000N\000T\000I\000C\000A\000N\000A\000L}{subsection.4.1.2}
\BOOKMARK [3][-]{subsubsection.4.1.2.5}{\376\377\000M\000I\000D\000I\000\137\000F\000I\000L\000T\000E\000R\000\137\000C\000A\000N\000A\000L}{subsection.4.1.2}
\BOOKMARK [3][-]{subsubsection.4.1.2.6}{\376\377\000M\000I\000D\000I\000\137\000F\000I\000L\000T\000E\000R\000\137\000F\000U\000L\000L}{subsection.4.1.2}
\BOOKMARK [3][-]{subsubsection.4.1.2.7}{\376\377\000M\000I\000D\000I\000\137\000F\000I\000L\000T\000E\000R\000\137\000O\000F\000F}{subsection.4.1.2}
\BOOKMARK [3][-]{subsubsection.4.1.2.8}{\376\377\000M\000I\000D\000I\000\137\000r\000a\000t\000e}{subsection.4.1.2}
\BOOKMARK [3][-]{subsubsection.4.1.2.9}{\376\377\000P\000C}{subsection.4.1.2}
\BOOKMARK [3][-]{subsubsection.4.1.2.10}{\376\377\000S\000y\000s\000E\000x}{subsection.4.1.2}
\BOOKMARK [1][-]{section.4.2}{\376\377\000/\000U\000s\000e\000r\000s\000/\000f\000r\000a\000n\000k\000y\000/\000D\000o\000c\000u\000m\000e\000n\000t\000s\000/\000D\000r\000o\000p\000b\000o\000x\000/\000S\000V\000N\000/\000e\000m\000b\000e\000d\000d\000e\000d\000/\000t\000o\000o\000l\000b\000o\000x\000/\000l\000i\000b\000r\000a\000r\000i\000e\000s\000/\000M\000I\000D\000I\000L\000i\000b\000/\000t\000r\000u\000n\000k\000/\000A\000r\000d\000u\000i\000n\000o\000/\000M\000I\000D\000I\000.\000c\000p\000p\000\040\000F\000i\000l\000e\000\040\000R\000e\000f\000e\000r\000e\000n\000c\000e}{chapter.4}
\BOOKMARK [2][-]{subsection.4.2.1}{\376\377\000D\000e\000t\000a\000i\000l\000e\000d\000\040\000D\000e\000s\000c\000r\000i\000p\000t\000i\000o\000n}{section.4.2}
\BOOKMARK [2][-]{subsection.4.2.2}{\376\377\000V\000a\000r\000i\000a\000b\000l\000e\000\040\000D\000o\000c\000u\000m\000e\000n\000t\000a\000t\000i\000o\000n}{section.4.2}
\BOOKMARK [3][-]{subsubsection.4.2.2.1}{\376\377\000M\000I\000D\000I}{subsection.4.2.2}
\BOOKMARK [1][-]{section.4.3}{\376\377\000/\000U\000s\000e\000r\000s\000/\000f\000r\000a\000n\000k\000y\000/\000D\000o\000c\000u\000m\000e\000n\000t\000s\000/\000D\000r\000o\000p\000b\000o\000x\000/\000S\000V\000N\000/\000e\000m\000b\000e\000d\000d\000e\000d\000/\000t\000o\000o\000l\000b\000o\000x\000/\000l\000i\000b\000r\000a\000r\000i\000e\000s\000/\000M\000I\000D\000I\000L\000i\000b\000/\000t\000r\000u\000n\000k\000/\000A\000r\000d\000u\000i\000n\000o\000/\000M\000I\000D\000I\000.\000h\000\040\000F\000i\000l\000e\000\040\000R\000e\000f\000e\000r\000e\000n\000c\000e}{chapter.4}
\BOOKMARK [2][-]{subsection.4.3.1}{\376\377\000D\000e\000t\000a\000i\000l\000e\000d\000\040\000D\000e\000s\000c\000r\000i\000p\000t\000i\000o\000n}{section.4.3}
\BOOKMARK [2][-]{subsection.4.3.2}{\376\377\000D\000e\000f\000i\000n\000e\000\040\000D\000o\000c\000u\000m\000e\000n\000t\000a\000t\000i\000o\000n}{section.4.3}
\BOOKMARK [3][-]{subsubsection.4.3.2.1}{\376\377\000C\000O\000M\000P\000A\000T\000I\000B\000I\000L\000I\000T\000Y\000\137\000V\0002\0005}{subsection.4.3.2}
\BOOKMARK [3][-]{subsubsection.4.3.2.2}{\376\377\000C\000O\000M\000P\000F\000L\000A\000G\000\137\000M\000I\000D\000I\000\137\000I\000N}{subsection.4.3.2}
\BOOKMARK [3][-]{subsubsection.4.3.2.3}{\376\377\000C\000O\000M\000P\000F\000L\000A\000G\000\137\000M\000I\000D\000I\000\137\000O\000U\000T}{subsection.4.3.2}
\BOOKMARK [3][-]{subsubsection.4.3.2.4}{\376\377\000M\000I\000D\000I\000\137\000B\000A\000U\000D\000R\000A\000T\000E}{subsection.4.3.2}
\BOOKMARK [3][-]{subsubsection.4.3.2.5}{\376\377\000M\000I\000D\000I\000\137\000C\000H\000A\000N\000N\000E\000L\000\137\000O\000F\000F}{subsection.4.3.2}
\BOOKMARK [3][-]{subsubsection.4.3.2.6}{\376\377\000M\000I\000D\000I\000\137\000C\000H\000A\000N\000N\000E\000L\000\137\000O\000M\000N\000I}{subsection.4.3.2}
\BOOKMARK [3][-]{subsubsection.4.3.2.7}{\376\377\000M\000I\000D\000I\000\137\000S\000Y\000S\000E\000X\000\137\000A\000R\000R\000A\000Y\000\137\000S\000I\000Z\000E}{subsection.4.3.2}
\BOOKMARK [3][-]{subsubsection.4.3.2.8}{\376\377\000U\000S\000E\000\137\000R\000U\000N\000N\000I\000N\000G\000\137\000S\000T\000A\000T\000U\000S}{subsection.4.3.2}
\BOOKMARK [3][-]{subsubsection.4.3.2.9}{\376\377\000U\000S\000E\000\137\000S\000E\000R\000I\000A\000L\000\137\000P\000O\000R\000T}{subsection.4.3.2}
\BOOKMARK [2][-]{subsection.4.3.3}{\376\377\000T\000y\000p\000e\000d\000e\000f\000\040\000D\000o\000c\000u\000m\000e\000n\000t\000a\000t\000i\000o\000n}{section.4.3}
\BOOKMARK [3][-]{subsubsection.4.3.3.1}{\376\377\000b\000y\000t\000e}{subsection.4.3.3}
\BOOKMARK [2][-]{subsection.4.3.4}{\376\377\000E\000n\000u\000m\000e\000r\000a\000t\000i\000o\000n\000\040\000T\000y\000p\000e\000\040\000D\000o\000c\000u\000m\000e\000n\000t\000a\000t\000i\000o\000n}{section.4.3}
\BOOKMARK [3][-]{subsubsection.4.3.4.1}{\376\377\000k\000M\000I\000D\000I\000T\000y\000p\000e}{subsection.4.3.4}
\BOOKMARK [3][-]{subsubsection.4.3.4.2}{\376\377\000k\000T\000h\000r\000u\000F\000i\000l\000t\000e\000r\000M\000o\000d\000e}{subsection.4.3.4}
\BOOKMARK [2][-]{subsection.4.3.5}{\376\377\000V\000a\000r\000i\000a\000b\000l\000e\000\040\000D\000o\000c\000u\000m\000e\000n\000t\000a\000t\000i\000o\000n}{section.4.3}
\BOOKMARK [3][-]{subsubsection.4.3.5.1}{\376\377\000M\000I\000D\000I}{subsection.4.3.5}
